\BOOKMARK [0][]{chapter*.4}{Glossary}{}
\BOOKMARK [0][]{chapter.1}{1 Introduction}{}
\BOOKMARK [1][]{section.1.1}{1.1 Background}{chapter.1}
\BOOKMARK [1][]{section.1.2}{1.2 Motivation}{chapter.1}
\BOOKMARK [1][]{section.1.3}{1.3 ... Place ...}{chapter.1}
\BOOKMARK [1][]{section.1.4}{1.4 ... Place ...}{chapter.1}
\BOOKMARK [0][]{chapter.2}{2 Related work}{}
\BOOKMARK [1][]{section.2.1}{2.1 Section title}{chapter.2}
\BOOKMARK [2][]{subsection.2.1.1}{2.1.1 first subsection}{section.2.1}
\BOOKMARK [1][]{section.2.2}{2.2 Section title}{chapter.2}
\BOOKMARK [2][]{subsection.2.2.1}{2.2.1 Second subsection }{section.2.2}
\BOOKMARK [1][]{section.2.3}{2.3 Section title}{chapter.2}
\BOOKMARK [1][]{section.2.4}{2.4 Section title}{chapter.2}
\BOOKMARK [1][]{section.2.5}{2.5 Section title}{chapter.2}
\BOOKMARK [2][]{And this is what I want bookmarked.2}{bookmark text is here}{section.2.5}
\BOOKMARK [0][]{chapter.3}{3 Theory, Concepts and Architecture ...}{}
\BOOKMARK [1][]{section.3.1}{3.1 Section title}{chapter.3}
\BOOKMARK [2][]{subsection.3.1.1}{3.1.1 first subsection}{section.3.1}
\BOOKMARK [1][]{section.3.2}{3.2 Section title}{chapter.3}
\BOOKMARK [2][]{subsection.3.2.1}{3.2.1 Second subsection }{section.3.2}
\BOOKMARK [1][]{section.3.3}{3.3 Section title}{chapter.3}
\BOOKMARK [1][]{section.3.4}{3.4 Section title}{chapter.3}
\BOOKMARK [1][]{section.3.5}{3.5 Section title}{chapter.3}
\BOOKMARK [1][]{section.3.6}{3.6 Section title}{chapter.3}
\BOOKMARK [0][]{chapter.4}{4 Design and Implementation ... \040}{}
\BOOKMARK [1][]{section.4.1}{4.1 Section title}{chapter.4}
\BOOKMARK [2][]{subsection.4.1.1}{4.1.1 first subsection}{section.4.1}
\BOOKMARK [1][]{section.4.2}{4.2 Section title}{chapter.4}
\BOOKMARK [2][]{subsection.4.2.1}{4.2.1 Second subsection }{section.4.2}
\BOOKMARK [1][]{section.4.3}{4.3 Section title}{chapter.4}
\BOOKMARK [1][]{section.4.4}{4.4 Section title}{chapter.4}
\BOOKMARK [1][]{section.4.5}{4.5 Section title}{chapter.4}
\BOOKMARK [0][]{chapter.5}{5 Testing and Results ... }{}
\BOOKMARK [1][]{section.5.1}{5.1 Section title}{chapter.5}
\BOOKMARK [2][]{subsection.5.1.1}{5.1.1 first subsection}{section.5.1}
\BOOKMARK [1][]{section.5.2}{5.2 Section title}{chapter.5}
\BOOKMARK [2][]{subsection.5.2.1}{5.2.1 Second subsection }{section.5.2}
\BOOKMARK [1][]{section.5.3}{5.3 Section title}{chapter.5}
\BOOKMARK [1][]{section.5.4}{5.4 Section title}{chapter.5}
\BOOKMARK [1][]{section.5.5}{5.5 Section title}{chapter.5}
\BOOKMARK [0][]{chapter.6}{6 Conclusions and Future work}{}
\BOOKMARK [0][]{appendix.A}{A }{}
\BOOKMARK [0][]{appendix.B}{B Appendix}{}
